0 info it worked if it ends with ok
1 verbose cli [ 'node', '/usr/local/bin/npm', 'install' ]
2 info using npm@1.4.28
3 info using node@v0.10.36
4 warn package.json pubsub@1.0.0 No repository field.
5 warn package.json pubsub@1.0.0 No README data
6 verbose readDependencies using package.json deps
7 verbose install where, deps [ '/Users/drjorgepolanco/Dropbox/code/repos/node/pubsub',
7 verbose install   [ 'axon', 'express', 'redis', 'underscore' ] ]
8 info preinstall pubsub@1.0.0
9 verbose readDependencies using package.json deps
10 verbose already installed skipping axon@^2.0.1 /Users/drjorgepolanco/Dropbox/code/repos/node/pubsub
11 verbose cache add [ 'express@3.5.1', null ]
12 verbose cache add name=undefined spec="express@3.5.1" args=["express@3.5.1",null]
13 verbose parsed url { protocol: null,
13 verbose parsed url   slashes: null,
13 verbose parsed url   auth: null,
13 verbose parsed url   host: null,
13 verbose parsed url   port: null,
13 verbose parsed url   hostname: null,
13 verbose parsed url   hash: null,
13 verbose parsed url   search: null,
13 verbose parsed url   query: null,
13 verbose parsed url   pathname: 'express@3.5.1',
13 verbose parsed url   path: 'express@3.5.1',
13 verbose parsed url   href: 'express@3.5.1' }
14 verbose already installed skipping redis@^0.12.1 /Users/drjorgepolanco/Dropbox/code/repos/node/pubsub
15 verbose cache add name="express" spec="3.5.1" args=["express","3.5.1"]
16 verbose parsed url { protocol: null,
16 verbose parsed url   slashes: null,
16 verbose parsed url   auth: null,
16 verbose parsed url   host: null,
16 verbose parsed url   port: null,
16 verbose parsed url   hostname: null,
16 verbose parsed url   hash: null,
16 verbose parsed url   search: null,
16 verbose parsed url   query: null,
16 verbose parsed url   pathname: '3.5.1',
16 verbose parsed url   path: '3.5.1',
16 verbose parsed url   href: '3.5.1' }
17 verbose addNamed [ 'express', '3.5.1' ]
18 verbose addNamed [ '3.5.1', '3.5.1' ]
19 verbose already installed skipping underscore@^1.7.0 /Users/drjorgepolanco/Dropbox/code/repos/node/pubsub
20 silly lockFile d983726f-express-3-5-1 express@3.5.1
21 verbose lock express@3.5.1 /Users/drjorgepolanco/.npm/d983726f-express-3-5-1.lock
22 verbose request where is /express
23 verbose request registry https://registry.npmjs.org/
24 verbose request id 7676e41a0a2272fc
25 verbose url raw /express
26 verbose url resolving [ 'https://registry.npmjs.org/', './express' ]
27 verbose url resolved https://registry.npmjs.org/express
28 verbose request where is https://registry.npmjs.org/express
29 info trying registry request attempt 1 at 00:15:44
30 verbose etag "86MFZIXMR1W0J9QNH6X3O10F7"
31 http GET https://registry.npmjs.org/express
32 http 304 https://registry.npmjs.org/express
33 silly registry.get cb [ 304,
33 silly registry.get   { date: 'Mon, 16 Feb 2015 05:15:44 GMT',
33 silly registry.get     server: 'Apache',
33 silly registry.get     via: '1.1 varnish',
33 silly registry.get     'last-modified': 'Mon, 16 Feb 2015 05:15:44 GMT',
33 silly registry.get     'cache-control': 'max-age=60',
33 silly registry.get     etag: '"86MFZIXMR1W0J9QNH6X3O10F7"',
33 silly registry.get     age: '31',
33 silly registry.get     'x-served-by': 'cache-iad2127-IAD',
33 silly registry.get     'x-cache': 'HIT',
33 silly registry.get     'x-cache-hits': '1',
33 silly registry.get     'x-timer': 'S1424063744.942509,VS0,VE1',
33 silly registry.get     vary: 'Accept',
33 silly registry.get     'content-length': '0',
33 silly registry.get     'keep-alive': 'timeout=10, max=50',
33 silly registry.get     connection: 'Keep-Alive' } ]
34 verbose etag https://registry.npmjs.org/express from cache
35 silly lockFile bba2d745-js-org-express-express-3-5-1-tgz https://registry.npmjs.org/express/-/express-3.5.1.tgz
36 verbose lock https://registry.npmjs.org/express/-/express-3.5.1.tgz /Users/drjorgepolanco/.npm/bba2d745-js-org-express-express-3-5-1-tgz.lock
37 verbose addRemoteTarball [ 'https://registry.npmjs.org/express/-/express-3.5.1.tgz',
37 verbose addRemoteTarball   '4b333e1117faca336a538f4c724140b9ce1a87e7' ]
38 info retry fetch attempt 1 at 00:15:45
39 verbose fetch to= /var/folders/yp/1rdr0h0x02g2_wglnx2b4cxh0000gn/T/npm-2532-k1fyexVZ/registry.npmjs.org/express/-/express-3.5.1.tgz
40 http GET https://registry.npmjs.org/express/-/express-3.5.1.tgz
41 http 200 https://registry.npmjs.org/express/-/express-3.5.1.tgz
42 silly lockFile bba2d745-js-org-express-express-3-5-1-tgz https://registry.npmjs.org/express/-/express-3.5.1.tgz
43 silly lockFile bba2d745-js-org-express-express-3-5-1-tgz https://registry.npmjs.org/express/-/express-3.5.1.tgz
44 silly lockFile d983726f-express-3-5-1 express@3.5.1
45 silly lockFile d983726f-express-3-5-1 express@3.5.1
46 error Error: EACCES, mkdir '/Users/drjorgepolanco/.npm/express/3.5.1'
46 error  { [Error: EACCES, mkdir '/Users/drjorgepolanco/.npm/express/3.5.1']
46 error   errno: 3,
46 error   code: 'EACCES',
46 error   path: '/Users/drjorgepolanco/.npm/express/3.5.1',
46 error   parent: 'pubsub' }
47 error Please try running this command again as root/Administrator.
48 error System Darwin 14.1.0
49 error command "node" "/usr/local/bin/npm" "install"
50 error cwd /Users/drjorgepolanco/Dropbox/code/repos/node/pubsub
51 error node -v v0.10.36
52 error npm -v 1.4.28
53 error path /Users/drjorgepolanco/.npm/express/3.5.1
54 error code EACCES
55 error errno 3
56 error stack Error: EACCES, mkdir '/Users/drjorgepolanco/.npm/express/3.5.1'
57 verbose exit [ 3, true ]
